This is XeTeX, Version 3.141592653-2.6-0.999993 (TeX Live 2021/W32TeX) (preloaded format=xelatex 2021.6.2)  2 JUN 2021 13:09
entering extended mode
 restricted \write18 enabled.
 %&-line parsing enabled.
**MBA8350book.tex
(./MBA8350book.tex
LaTeX2e <2021-06-01> pre-release-0 (develop 2021-6-2 branch)
L3 programming layer <2021-06-01> (c:/Users/sdressle/AppData/Roaming/TinyTeX/te
xmf-dist/tex/latex/base/book.cls
Document Class: book 2021/02/12 v1.4n Standard LaTeX document class
(c:/Users/sdressle/AppData/Roaming/TinyTeX/texmf-dist/tex/latex/base/bk10.clo
File: bk10.clo 2021/02/12 v1.4n Standard LaTeX file (size option)
)
\c@part=\count178
\c@chapter=\count179
\c@section=\count180
\c@subsection=\count181
\c@subsubsection=\count182
\c@paragraph=\count183
\c@subparagraph=\count184
\c@figure=\count185
\c@table=\count186
\abovecaptionskip=\skip47
\belowcaptionskip=\skip48
\bibindent=\dimen138
) (c:/Users/sdressle/AppData/Roaming/TinyTeX/texmf-dist/tex/latex/lm/lmodern.st
y
Package: lmodern 2015/05/01 v1.6.1 Latin Modern Fonts
LaTeX Font Info:    Overwriting symbol font `operators' in version `normal'
(Font)                  OT1/cmr/m/n --> OT1/lmr/m/n on input line 22.
LaTeX Font Info:    Overwriting symbol font `letters' in version `normal'
(Font)                  OML/cmm/m/it --> OML/lmm/m/it on input line 23.
LaTeX Font Info:    Overwriting symbol font `symbols' in version `normal'
(Font)                  OMS/cmsy/m/n --> OMS/lmsy/m/n on input line 24.
LaTeX Font Info:    Overwriting symbol font `largesymbols' in version `normal'
(Font)                  OMX/cmex/m/n --> OMX/lmex/m/n on input line 25.
LaTeX Font Info:    Overwriting symbol font `operators' in version `bold'
(Font)                  OT1/cmr/bx/n --> OT1/lmr/bx/n on input line 26.
LaTeX Font Info:    Overwriting symbol font `letters' in version `bold'
(Font)                  OML/cmm/b/it --> OML/lmm/b/it on input line 27.
LaTeX Font Info:    Overwriting symbol font `symbols' in version `bold'
(Font)                  OMS/cmsy/b/n --> OMS/lmsy/b/n on input line 28.
LaTeX Font Info:    Overwriting symbol font `largesymbols' in version `bold'
(Font)                  OMX/cmex/m/n --> OMX/lmex/m/n on input line 29.
LaTeX Font Info:    Overwriting math alphabet `\mathbf' in version `normal'
(Font)                  OT1/cmr/bx/n --> OT1/lmr/bx/n on input line 31.
LaTeX Font Info:    Overwriting math alphabet `\mathsf' in version `normal'
(Font)                  OT1/cmss/m/n --> OT1/lmss/m/n on input line 32.
LaTeX Font Info:    Overwriting math alphabet `\mathit' in version `normal'
(Font)                  OT1/cmr/m/it --> OT1/lmr/m/it on input line 33.
LaTeX Font Info:    Overwriting math alphabet `\mathtt' in version `normal'
(Font)                  OT1/cmtt/m/n --> OT1/lmtt/m/n on input line 34.
LaTeX Font Info:    Overwriting math alphabet `\mathbf' in version `bold'
(Font)                  OT1/cmr/bx/n --> OT1/lmr/bx/n on input line 35.
LaTeX Font Info:    Overwriting math alphabet `\mathsf' in version `bold'
(Font)                  OT1/cmss/bx/n --> OT1/lmss/bx/n on input line 36.
LaTeX Font Info:    Overwriting math alphabet `\mathit' in version `bold'
(Font)                  OT1/cmr/bx/it --> OT1/lmr/bx/it on input line 37.
LaTeX Font Info:    Overwriting math alphabet `\mathtt' in version `bold'
(Font)                  OT1/cmtt/m/n --> OT1/lmtt/m/n on input line 38.
)
(c:/Users/sdressle/AppData/Roaming/TinyTeX/texmf-dist/tex/latex/amsmath/amsmath
.sty
Package: amsmath 2020/09/23 v2.17i AMS math features
\@mathmargin=\skip49
For additional information on amsmath, use the `?' option.

(c:/Users/sdressle/AppData/Roaming/TinyTeX/texmf-dist/tex/latex/amsmath/amstext
.sty
Package: amstext 2000/06/29 v2.01 AMS text

(c:/Users/sdressle/AppData/Roaming/TinyTeX/texmf-dist/tex/latex/amsmath/amsgen.
sty
File: amsgen.sty 1999/11/30 v2.0 generic functions
\@emptytoks=\toks16
\ex@=\dimen139
))
(c:/Users/sdressle/AppData/Roaming/TinyTeX/texmf-dist/tex/latex/amsmath/amsbsy.
sty
Package: amsbsy 1999/11/29 v1.2d Bold Symbols
\pmbraise@=\dimen140
)
(c:/Users/sdressle/AppData/Roaming/TinyTeX/texmf-dist/tex/latex/amsmath/amsopn.
sty
Package: amsopn 2016/03/08 v2.02 operator names
)
\inf@bad=\count187
LaTeX Info: Redefining \frac on input line 234.
\uproot@=\count188
\leftroot@=\count189
LaTeX Info: Redefining \overline on input line 399.
\classnum@=\count190
\DOTSCASE@=\count191
LaTeX Info: Redefining \ldots on input line 496.
LaTeX Info: Redefining \dots on input line 499.
LaTeX Info: Redefining \cdots on input line 620.
\Mathstrutbox@=\box50
\strutbox@=\box51
\big@size=\dimen141
LaTeX Font Info:    Redeclaring font encoding OML on input line 743.
LaTeX Font Info:    Redeclaring font encoding OMS on input line 744.
\macc@depth=\count192
\c@MaxMatrixCols=\count193
\dotsspace@=\muskip16
\c@parentequation=\count194
\dspbrk@lvl=\count195
\tag@help=\toks17
\row@=\count196
\column@=\count197
\maxfields@=\count198
\andhelp@=\toks18
\eqnshift@=\dimen142
\alignsep@=\dimen143
\tagshift@=\dimen144
\tagwidth@=\dimen145
\totwidth@=\dimen146
\lineht@=\dimen147
\@envbody=\toks19
\multlinegap=\skip50
\multlinetaggap=\skip51
\mathdisplay@stack=\toks20
LaTeX Info: Redefining \[ on input line 2923.
LaTeX Info: Redefining \] on input line 2924.
)
(c:/Users/sdressle/AppData/Roaming/TinyTeX/texmf-dist/tex/generic/iftex/ifxetex
.sty
Package: ifxetex 2019/10/25 v0.7 ifxetex legacy package. Use iftex instead.

(c:/Users/sdressle/AppData/Roaming/TinyTeX/texmf-dist/tex/generic/iftex/iftex.s
ty
Package: iftex 2020/03/06 v1.0d TeX engine tests
))
(c:/Users/sdressle/AppData/Roaming/TinyTeX/texmf-dist/tex/generic/iftex/ifluate
x.sty
Package: ifluatex 2019/10/25 v1.5 ifluatex legacy package. Use iftex instead.
)
(c:/Users/sdressle/AppData/Roaming/TinyTeX/texmf-dist/tex/latex/unicode-math/un
icode-math.sty
(c:/Users/sdressle/AppData/Roaming/TinyTeX/texmf-dist/tex/latex/l3kernel/expl3.
sty
Package: expl3 2021-06-01 L3 programming layer (loader) 

(c:/Users/sdressle/AppData/Roaming/TinyTeX/texmf-dist/tex/latex/l3backend/l3bac
kend-xetex.def
File: l3backend-xetex.def 2021-05-07 L3 backend support: XeTeX
(|extractbb --version)
\c__kernel_sys_dvipdfmx_version_int=\count199
\l__color_backend_stack_int=\count266
\g__color_backend_stack_int=\count267
\g__graphics_track_int=\count268
\l__pdf_internal_box=\box52
\g__pdf_backend_object_int=\count269
\g__pdf_backend_annotation_int=\count270
\g__pdf_backend_link_int=\count271
))
Package: unicode-math 2020/01/31 v0.8q Unicode maths in XeLaTeX and LuaLaTeX

(c:/Users/sdressle/AppData/Roaming/TinyTeX/texmf-dist/tex/latex/unicode-math/un
icode-math-xetex.sty
Package: unicode-math-xetex 2020/01/31 v0.8q Unicode maths in XeLaTeX and LuaLa
TeX

(c:/Users/sdressle/AppData/Roaming/TinyTeX/texmf-dist/tex/latex/l3packages/xpar
se/xparse.sty
Package: xparse 2021-06-01 L3 Experimental document command parser
)
(c:/Users/sdressle/AppData/Roaming/TinyTeX/texmf-dist/tex/latex/l3packages/l3ke
ys2e/l3keys2e.sty
Package: l3keys2e 2021-06-01 LaTeX2e option processing using LaTeX3 keys
)
(c:/Users/sdressle/AppData/Roaming/TinyTeX/texmf-dist/tex/latex/fontspec/fontsp
ec.sty
Package: fontspec 2020/02/21 v2.7i Font selection for XeLaTeX and LuaLaTeX

(c:/Users/sdressle/AppData/Roaming/TinyTeX/texmf-dist/tex/latex/fontspec/fontsp
ec-xetex.sty
Package: fontspec-xetex 2020/02/21 v2.7i Font selection for XeLaTeX and LuaLaTe
X
\l__fontspec_script_int=\count272
\l__fontspec_language_int=\count273
\l__fontspec_strnum_int=\count274
\l__fontspec_tmp_int=\count275
\l__fontspec_tmpa_int=\count276
\l__fontspec_tmpb_int=\count277
\l__fontspec_tmpc_int=\count278
\l__fontspec_em_int=\count279
\l__fontspec_emdef_int=\count280
\l__fontspec_strong_int=\count281
\l__fontspec_strongdef_int=\count282
\l__fontspec_tmpa_dim=\dimen148
\l__fontspec_tmpb_dim=\dimen149
\l__fontspec_tmpc_dim=\dimen150

(c:/Users/sdressle/AppData/Roaming/TinyTeX/texmf-dist/tex/latex/base/fontenc.st
y
Package: fontenc 2021/04/29 v2.0v Standard LaTeX package
)
(c:/Users/sdressle/AppData/Roaming/TinyTeX/texmf-dist/tex/latex/fontspec/fontsp
ec.cfg)))
(c:/Users/sdressle/AppData/Roaming/TinyTeX/texmf-dist/tex/latex/base/fix-cm.sty
Package: fix-cm 2020/11/24 v1.1t fixes to LaTeX

(c:/Users/sdressle/AppData/Roaming/TinyTeX/texmf-dist/tex/latex/base/ts1enc.def
File: ts1enc.def 2001/06/05 v3.0e (jk/car/fm) Standard LaTeX file
LaTeX Font Info:    Redeclaring font encoding TS1 on input line 47.
))
\g__um_fam_int=\count283
\g__um_fonts_used_int=\count284
\l__um_primecount_int=\count285
\g__um_primekern_muskip=\muskip17

(c:/Users/sdressle/AppData/Roaming/TinyTeX/texmf-dist/tex/latex/unicode-math/un
icode-math-table.tex)))
(c:/Users/sdressle/AppData/Roaming/TinyTeX/texmf-dist/tex/latex/microtype/micro
type.sty
Package: microtype 2021/03/14 v2.8c Micro-typographical refinements (RS)

(c:/Users/sdressle/AppData/Roaming/TinyTeX/texmf-dist/tex/latex/graphics/keyval
.sty
Package: keyval 2014/10/28 v1.15 key=value parser (DPC)
\KV@toks@=\toks21
)
\MT@toks=\toks22
\MT@count=\count286
LaTeX Info: Redefining \textls on input line 790.
\MT@outer@kern=\dimen151
LaTeX Info: Redefining \textmicrotypecontext on input line 1374.
\MT@listname@count=\count287

(c:/Users/sdressle/AppData/Roaming/TinyTeX/texmf-dist/tex/latex/microtype/micro
type-xetex.def
File: microtype-xetex.def 2021/03/14 v2.8c Definitions specific to xetex (RS)
LaTeX Info: Redefining \lsstyle on input line 254.
)
Package microtype Info: Loading configuration file microtype.cfg.

(c:/Users/sdressle/AppData/Roaming/TinyTeX/texmf-dist/tex/latex/microtype/micro
type.cfg
File: microtype.cfg 2021/03/14 v2.8c microtype main configuration file (RS)
))
(c:/Users/sdressle/AppData/Roaming/TinyTeX/texmf-dist/tex/latex/parskip/parskip
.sty
Package: parskip 2021-03-14 v2.0h non-zero parskip adjustments

(c:/Users/sdressle/AppData/Roaming/TinyTeX/texmf-dist/tex/latex/kvoptions/kvopt
ions.sty
Package: kvoptions 2020-10-07 v3.14 Key value format for package options (HO)

(c:/Users/sdressle/AppData/Roaming/TinyTeX/texmf-dist/tex/generic/ltxcmds/ltxcm
ds.sty
Package: ltxcmds 2020-05-10 v1.25 LaTeX kernel commands for general use (HO)
)
(c:/Users/sdressle/AppData/Roaming/TinyTeX/texmf-dist/tex/generic/kvsetkeys/kvs
etkeys.sty
Package: kvsetkeys 2019/12/15 v1.18 Key value parser (HO)
))
(c:/Users/sdressle/AppData/Roaming/TinyTeX/texmf-dist/tex/latex/etoolbox/etoolb
ox.sty
Package: etoolbox 2020/10/05 v2.5k e-TeX tools for LaTeX (JAW)
\etb@tempcnta=\count288
))
(c:/Users/sdressle/AppData/Roaming/TinyTeX/texmf-dist/tex/latex/xcolor/xcolor.s
ty
Package: xcolor 2016/05/11 v2.12 LaTeX color extensions (UK)

(c:/Users/sdressle/AppData/Roaming/TinyTeX/texmf-dist/tex/latex/graphics-cfg/co
lor.cfg
File: color.cfg 2016/01/02 v1.6 sample color configuration
)
Package xcolor Info: Driver file: xetex.def on input line 225.

(c:/Users/sdressle/AppData/Roaming/TinyTeX/texmf-dist/tex/latex/graphics-def/xe
tex.def
File: xetex.def 2021/03/18 v5.0k Graphics/color driver for xetex
)
Package xcolor Info: Model `cmy' substituted by `cmy0' on input line 1348.
Package xcolor Info: Model `RGB' extended on input line 1364.
Package xcolor Info: Model `HTML' substituted by `rgb' on input line 1366.
Package xcolor Info: Model `Hsb' substituted by `hsb' on input line 1367.
Package xcolor Info: Model `tHsb' substituted by `hsb' on input line 1368.
Package xcolor Info: Model `HSB' substituted by `hsb' on input line 1369.
Package xcolor Info: Model `Gray' substituted by `gray' on input line 1370.
Package xcolor Info: Model `wave' substituted by `hsb' on input line 1371.
)
(c:/Users/sdressle/AppData/Roaming/TinyTeX/texmf-dist/tex/latex/hyperref/hyperr
ef.sty
Package: hyperref 2021-02-27 v7.00k Hypertext links for LaTeX

(c:/Users/sdressle/AppData/Roaming/TinyTeX/texmf-dist/tex/generic/pdftexcmds/pd
ftexcmds.sty
Package: pdftexcmds 2020-06-27 v0.33 Utility functions of pdfTeX for LuaTeX (HO
)

(c:/Users/sdressle/AppData/Roaming/TinyTeX/texmf-dist/tex/generic/infwarerr/inf
warerr.sty
Package: infwarerr 2019/12/03 v1.5 Providing info/warning/error messages (HO)
)
Package pdftexcmds Info: \pdf@primitive is available.
Package pdftexcmds Info: \pdf@ifprimitive is available.
Package pdftexcmds Info: \pdfdraftmode not found.
)
(c:/Users/sdressle/AppData/Roaming/TinyTeX/texmf-dist/tex/generic/kvdefinekeys/
kvdefinekeys.sty
Package: kvdefinekeys 2019-12-19 v1.6 Define keys (HO)
)
(c:/Users/sdressle/AppData/Roaming/TinyTeX/texmf-dist/tex/generic/pdfescape/pdf
escape.sty
Package: pdfescape 2019/12/09 v1.15 Implements pdfTeX's escape features (HO)
)
(c:/Users/sdressle/AppData/Roaming/TinyTeX/texmf-dist/tex/latex/hycolor/hycolor
.sty
Package: hycolor 2020-01-27 v1.10 Color options for hyperref/bookmark (HO)
)
(c:/Users/sdressle/AppData/Roaming/TinyTeX/texmf-dist/tex/latex/letltxmacro/let
ltxmacro.sty
Package: letltxmacro 2019/12/03 v1.6 Let assignment for LaTeX macros (HO)
)
(c:/Users/sdressle/AppData/Roaming/TinyTeX/texmf-dist/tex/latex/auxhook/auxhook
.sty
Package: auxhook 2019-12-17 v1.6 Hooks for auxiliary files (HO)
)
\@linkdim=\dimen152
\Hy@linkcounter=\count289
\Hy@pagecounter=\count290

(c:/Users/sdressle/AppData/Roaming/TinyTeX/texmf-dist/tex/latex/hyperref/pd1enc
.def
File: pd1enc.def 2021-02-27 v7.00k Hyperref: PDFDocEncoding definition (HO)
)
(c:/Users/sdressle/AppData/Roaming/TinyTeX/texmf-dist/tex/latex/hyperref/hyperr
ef-langpatches.def
File: hyperref-langpatches.def 2021-02-27 v7.00k Hyperref: patches for babel la
nguages
)
(c:/Users/sdressle/AppData/Roaming/TinyTeX/texmf-dist/tex/generic/intcalc/intca
lc.sty
Package: intcalc 2019/12/15 v1.3 Expandable calculations with integers (HO)
)
(c:/Users/sdressle/AppData/Roaming/TinyTeX/texmf-dist/tex/generic/etexcmds/etex
cmds.sty
Package: etexcmds 2019/12/15 v1.7 Avoid name clashes with e-TeX commands (HO)
)
\Hy@SavedSpaceFactor=\count291

(c:/Users/sdressle/AppData/Roaming/TinyTeX/texmf-dist/tex/latex/hyperref/puenc.
def
File: puenc.def 2021-02-27 v7.00k Hyperref: PDF Unicode definition (HO)
)
Package hyperref Info: Option `unicode' set `true' on input line 4073.
Package hyperref Info: Hyper figures OFF on input line 4192.
Package hyperref Info: Link nesting OFF on input line 4197.
Package hyperref Info: Hyper index ON on input line 4200.
Package hyperref Info: Plain pages OFF on input line 4207.
Package hyperref Info: Backreferencing OFF on input line 4212.
Package hyperref Info: Implicit mode ON; LaTeX internals redefined.
Package hyperref Info: Bookmarks ON on input line 4445.
\c@Hy@tempcnt=\count292
(c:/Users/sdressle/AppData/Roaming/TinyTeX/texmf-dist/tex/latex/url/url.sty
\Urlmuskip=\muskip18
Package: url 2013/09/16  ver 3.4  Verb mode for urls, etc.
)
LaTeX Info: Redefining \url on input line 4804.
\XeTeXLinkMargin=\dimen153

(c:/Users/sdressle/AppData/Roaming/TinyTeX/texmf-dist/tex/generic/bitset/bitset
.sty
Package: bitset 2019/12/09 v1.3 Handle bit-vector datatype (HO)

(c:/Users/sdressle/AppData/Roaming/TinyTeX/texmf-dist/tex/generic/bigintcalc/bi
gintcalc.sty
Package: bigintcalc 2019/12/15 v1.5 Expandable calculations on big integers (HO
)
))
\Fld@menulength=\count293
\Field@Width=\dimen154
\Fld@charsize=\dimen155
Package hyperref Info: Hyper figures OFF on input line 6075.
Package hyperref Info: Link nesting OFF on input line 6080.
Package hyperref Info: Hyper index ON on input line 6083.
Package hyperref Info: backreferencing OFF on input line 6090.
Package hyperref Info: Link coloring OFF on input line 6095.
Package hyperref Info: Link coloring with OCG OFF on input line 6100.
Package hyperref Info: PDF/A mode OFF on input line 6105.
LaTeX Info: Redefining \ref on input line 6145.
LaTeX Info: Redefining \pageref on input line 6149.

(c:/Users/sdressle/AppData/Roaming/TinyTeX/texmf-dist/tex/latex/base/atbegshi-l
tx.sty
Package: atbegshi-ltx 2021/01/10 v1.0c Emulation of the original atbegshi
package with kernel methods
)
\Hy@abspage=\count294
\c@Item=\count295
\c@Hfootnote=\count296
)
Package hyperref Info: Driver (autodetected): hxetex.

(c:/Users/sdressle/AppData/Roaming/TinyTeX/texmf-dist/tex/latex/hyperref/hxetex
.def
File: hxetex.def 2021-02-27 v7.00k Hyperref driver for XeTeX

(c:/Users/sdressle/AppData/Roaming/TinyTeX/texmf-dist/tex/generic/stringenc/str
ingenc.sty
Package: stringenc 2019/11/29 v1.12 Convert strings between diff. encodings (HO
)
)
\pdfm@box=\box53
\c@Hy@AnnotLevel=\count297
\HyField@AnnotCount=\count298
\Fld@listcount=\count299
\c@bookmark@seq@number=\count300

(c:/Users/sdressle/AppData/Roaming/TinyTeX/texmf-dist/tex/latex/rerunfilecheck/
rerunfilecheck.sty
Package: rerunfilecheck 2019/12/05 v1.9 Rerun checks for auxiliary files (HO)

(c:/Users/sdressle/AppData/Roaming/TinyTeX/texmf-dist/tex/latex/base/atveryend-
ltx.sty
Package: atveryend-ltx 2020/08/19 v1.0a Emulation of the original atvery packag
e
with kernel methods
)
(c:/Users/sdressle/AppData/Roaming/TinyTeX/texmf-dist/tex/generic/uniquecounter
/uniquecounter.sty
Package: uniquecounter 2019/12/15 v1.4 Provide unlimited unique counter (HO)
)
Package uniquecounter Info: New unique counter `rerunfilecheck' on input line 2
86.
)
\Hy@SectionHShift=\skip52
)
(c:/Users/sdressle/AppData/Roaming/TinyTeX/texmf-dist/tex/latex/fancyvrb/fancyv
rb.sty
Package: fancyvrb 2021/01/20 v3.7 verbatim text (tvz,hv)
\FV@CodeLineNo=\count301
\FV@InFile=\read2
\FV@TabBox=\box54
\c@FancyVerbLine=\count302
\FV@StepNumber=\count303
\FV@OutFile=\write3
)
(c:/Users/sdressle/AppData/Roaming/TinyTeX/texmf-dist/tex/latex/framed/framed.s
ty
Package: framed 2011/10/22 v 0.96: framed or shaded text with page breaks
\OuterFrameSep=\skip53
\fb@frw=\dimen156
\fb@frh=\dimen157
\FrameRule=\dimen158
\FrameSep=\dimen159
)
(c:/Users/sdressle/AppData/Roaming/TinyTeX/texmf-dist/tex/latex/tools/longtable
.sty
Package: longtable 2021-05-07 v4.16 Multi-page Table package (DPC)
\LTleft=\skip54
\LTright=\skip55
\LTpre=\skip56
\LTpost=\skip57
\LTchunksize=\count304
\LTcapwidth=\dimen160
\LT@head=\box55
\LT@firsthead=\box56
\LT@foot=\box57
\LT@lastfoot=\box58
\LT@gbox=\box59
\LT@cols=\count305
\LT@rows=\count306
\c@LT@tables=\count307
\c@LT@chunks=\count308
\LT@p@ftn=\toks23
)
(c:/Users/sdressle/AppData/Roaming/TinyTeX/texmf-dist/tex/latex/booktabs/bookta
bs.sty
Package: booktabs 2020/01/12 v1.61803398 Publication quality tables
\heavyrulewidth=\dimen161
\lightrulewidth=\dimen162
\cmidrulewidth=\dimen163
\belowrulesep=\dimen164
\belowbottomsep=\dimen165
\aboverulesep=\dimen166
\abovetopsep=\dimen167
\cmidrulesep=\dimen168
\cmidrulekern=\dimen169
\defaultaddspace=\dimen170
\@cmidla=\count309
\@cmidlb=\count310
\@aboverulesep=\dimen171
\@belowrulesep=\dimen172
\@thisruleclass=\count311
\@lastruleclass=\count312
\@thisrulewidth=\dimen173
) (c:/Users/sdressle/AppData/Roaming/TinyTeX/texmf-dist/tex/latex/tools/calc.st
y
Package: calc 2017/05/25 v4.3 Infix arithmetic (KKT,FJ)
\calc@Acount=\count313
\calc@Bcount=\count314
\calc@Adimen=\dimen174
\calc@Bdimen=\dimen175
\calc@Askip=\skip58
\calc@Bskip=\skip59
LaTeX Info: Redefining \setlength on input line 80.
LaTeX Info: Redefining \addtolength on input line 81.
\calc@Ccount=\count315
\calc@Cskip=\skip60
)
(c:/Users/sdressle/AppData/Roaming/TinyTeX/texmf-dist/tex/latex/mdwtools/footno
te.sty
Package: footnote 1997/01/28 1.13 Save footnotes around boxes
\fn@notes=\box60
\fn@width=\dimen176
)
(c:/Users/sdressle/AppData/Roaming/TinyTeX/texmf-dist/tex/latex/graphics/graphi
cx.sty
Package: graphicx 2020/12/05 v1.2c Enhanced LaTeX Graphics (DPC,SPQR)

(c:/Users/sdressle/AppData/Roaming/TinyTeX/texmf-dist/tex/latex/graphics/graphi
cs.sty
Package: graphics 2021/03/04 v1.4d Standard LaTeX Graphics (DPC,SPQR)

(c:/Users/sdressle/AppData/Roaming/TinyTeX/texmf-dist/tex/latex/graphics/trig.s
ty
Package: trig 2016/01/03 v1.10 sin cos tan (DPC)
)
(c:/Users/sdressle/AppData/Roaming/TinyTeX/texmf-dist/tex/latex/graphics-cfg/gr
aphics.cfg
File: graphics.cfg 2016/06/04 v1.11 sample graphics configuration
)
Package graphics Info: Driver file: xetex.def on input line 107.
)
\Gin@req@height=\dimen177
\Gin@req@width=\dimen178
)
(c:/Users/sdressle/AppData/Roaming/TinyTeX/texmf-dist/tex/latex/natbib/natbib.s
ty
Package: natbib 2010/09/13 8.31b (PWD, AO)
\bibhang=\skip61
\bibsep=\skip62
LaTeX Info: Redefining \cite on input line 694.
\c@NAT@ctr=\count316
)
No file MBA8350book.aux.
\openout1 = `MBA8350book.aux'.

LaTeX Font Info:    Checking defaults for OML/cmm/m/it on input line 123.
LaTeX Font Info:    ... okay on input line 123.
LaTeX Font Info:    Checking defaults for OMS/cmsy/m/n on input line 123.
LaTeX Font Info:    ... okay on input line 123.
LaTeX Font Info:    Checking defaults for OT1/cmr/m/n on input line 123.
LaTeX Font Info:    ... okay on input line 123.
LaTeX Font Info:    Checking defaults for T1/cmr/m/n on input line 123.
LaTeX Font Info:    ... okay on input line 123.
LaTeX Font Info:    Checking defaults for TS1/cmr/m/n on input line 123.
LaTeX Font Info:    ... okay on input line 123.
LaTeX Font Info:    Checking defaults for TU/lmr/m/n on input line 123.
LaTeX Font Info:    ... okay on input line 123.
LaTeX Font Info:    Checking defaults for OMX/cmex/m/n on input line 123.
LaTeX Font Info:    ... okay on input line 123.
LaTeX Font Info:    Checking defaults for U/cmr/m/n on input line 123.
LaTeX Font Info:    ... okay on input line 123.
LaTeX Font Info:    Checking defaults for PD1/pdf/m/n on input line 123.
LaTeX Font Info:    ... okay on input line 123.
LaTeX Font Info:    Checking defaults for PU/pdf/m/n on input line 123.
LaTeX Font Info:    ... okay on input line 123.
LaTeX Font Info:    Overwriting math alphabet `\mathrm' in version `normal'
(Font)                  OT1/lmr/m/n --> TU/lmr/m/n on input line 123.
LaTeX Font Info:    Overwriting math alphabet `\mathit' in version `normal'
(Font)                  OT1/lmr/m/it --> TU/lmr/m/it on input line 123.
LaTeX Font Info:    Overwriting math alphabet `\mathbf' in version `normal'
(Font)                  OT1/lmr/bx/n --> TU/lmr/bx/n on input line 123.
LaTeX Font Info:    Overwriting math alphabet `\mathsf' in version `normal'
(Font)                  OT1/lmss/m/n --> TU/lmss/m/n on input line 123.
LaTeX Font Info:    Overwriting math alphabet `\mathsf' in version `bold'
(Font)                  OT1/lmss/bx/n --> TU/lmss/bx/n on input line 123.
LaTeX Font Info:    Overwriting math alphabet `\mathtt' in version `normal'
(Font)                  OT1/lmtt/m/n --> TU/lmtt/m/n on input line 123.
LaTeX Font Info:    Overwriting math alphabet `\mathtt' in version `bold'
(Font)                  OT1/lmtt/m/n --> TU/lmtt/bx/n on input line 123.

Package fontspec Info: latinmodern-math scale = 0.9999964596882403.


Package fontspec Info: latinmodern-math scale = 0.9999964596882403.


Package fontspec Info: latinmodern-math scale = 0.9999964596882403.


Package fontspec Info: Font family 'latinmodern-math.otf(0)' created for font
(fontspec)             'latinmodern-math.otf' with options
(fontspec)             [Scale=MatchLowercase,BoldItalicFont={},ItalicFont={},Sm
allCapsFont={},Script=Math,BoldFont={latinmodern-math.otf}].
(fontspec)              
(fontspec)              This font family consists of the following NFSS
(fontspec)             series/shapes:
(fontspec)              
(fontspec)             - 'normal' (m/n) with NFSS spec.:
(fontspec)             <->s*[0.9999964596882403]"[latinmodern-math.otf]/OT:scri
pt=math;language=dflt;"
(fontspec)             - 'small caps'  (m/sc) with NFSS spec.: 
(fontspec)             - 'bold' (b/n) with NFSS spec.:
(fontspec)             <->s*[0.9999964596882403]"[latinmodern-math.otf]/OT:scri
pt=math;language=dflt;"
(fontspec)             - 'bold small caps'  (b/sc) with NFSS spec.: 

LaTeX Font Info:    Font shape `TU/latinmodern-math.otf(0)/m/n' will be
(Font)              scaled to size 10.0pt on input line 123.

Package fontspec Info: latinmodern-math scale = 0.9999964596882403.


Package fontspec Info: latinmodern-math scale = 0.9999964596882403.


Package fontspec Info: latinmodern-math scale = 0.9999964596882403.


Package fontspec Info: latinmodern-math scale = 0.9999964596882403.


Package fontspec Info: latinmodern-math scale = 0.9999964596882403.


Package fontspec Info: Font family 'latinmodern-math.otf(1)' created for font
(fontspec)             'latinmodern-math.otf' with options
(fontspec)             [Scale=MatchLowercase,BoldItalicFont={},ItalicFont={},Sm
allCapsFont={},Script=Math,SizeFeatures={{Size=8.5-},{Size=6-8.5,Font=latinmode
rn-math.otf,Style=MathScript},{Size=-6,Font=latinmodern-math.otf,Style=MathScri
ptScript}},BoldFont={latinmodern-math.otf}].
(fontspec)              
(fontspec)              This font family consists of the following NFSS
(fontspec)             series/shapes:
(fontspec)              
(fontspec)             - 'normal' (m/n) with NFSS spec.:
(fontspec)             <8.5->s*[0.9999964596882403]"[latinmodern-math.otf]/OT:s
cript=math;language=dflt;"<6-8.5>s*[0.9999964596882403]"[latinmodern-math.otf]/
OT:script=math;language=dflt;+ssty=0;"<-6>s*[0.9999964596882403]"[latinmodern-m
ath.otf]/OT:script=math;language=dflt;+ssty=1;"
(fontspec)             - 'small caps'  (m/sc) with NFSS spec.: 
(fontspec)             - 'bold' (b/n) with NFSS spec.:
(fontspec)             <->s*[0.9999964596882403]"[latinmodern-math.otf]/OT:scri
pt=math;language=dflt;"
(fontspec)             - 'bold small caps'  (b/sc) with NFSS spec.: 

LaTeX Font Info:    Font shape `TU/latinmodern-math.otf(1)/m/n' will be
(Font)              scaled to size 10.0pt on input line 123.
LaTeX Font Info:    Encoding `OT1' has changed to `TU' for symbol font
(Font)              `operators' in the math version `normal' on input line 123.

LaTeX Font Info:    Overwriting symbol font `operators' in version `normal'
(Font)                  OT1/lmr/m/n --> TU/latinmodern-math.otf(1)/m/n on input
 line 123.
LaTeX Font Info:    Encoding `OT1' has changed to `TU' for symbol font
(Font)              `operators' in the math version `bold' on input line 123.
LaTeX Font Info:    Overwriting symbol font `operators' in version `bold'
(Font)                  OT1/lmr/bx/n --> TU/latinmodern-math.otf(1)/b/n on inpu
t line 123.

Package fontspec Info: latinmodern-math scale = 0.9999964596882403.


Package fontspec Info: latinmodern-math scale = 1.000096459334209.


Package fontspec Info: latinmodern-math scale = 0.9999964596882403.


Package fontspec Info: latinmodern-math scale = 1.000096459334209.


Package fontspec Info: latinmodern-math scale = 0.9999964596882403.


Package fontspec Info: latinmodern-math scale = 1.000096459334209.


Package fontspec Info: latinmodern-math scale = 0.9999964596882403.


Package fontspec Info: latinmodern-math scale = 1.000096459334209.


Package fontspec Info: latinmodern-math scale = 0.9999964596882403.


Package fontspec Info: latinmodern-math scale = 1.000096459334209.


Package fontspec Info: Font family 'latinmodern-math.otf(2)' created for font
(fontspec)             'latinmodern-math.otf' with options
(fontspec)             [Scale=MatchLowercase,BoldItalicFont={},ItalicFont={},Sm
allCapsFont={},Script=Math,SizeFeatures={{Size=8.5-},{Size=6-8.5,Font=latinmode
rn-math.otf,Style=MathScript},{Size=-6,Font=latinmodern-math.otf,Style=MathScri
ptScript}},BoldFont={latinmodern-math.otf},ScaleAgain=1.0001,FontAdjustment={\f
ontdimen
(fontspec)             8\font =6.77pt\relax \fontdimen 9\font =3.94pt\relax
(fontspec)             \fontdimen 10\font =4.44pt\relax \fontdimen 11\font
(fontspec)             =6.86pt\relax \fontdimen 12\font =3.45pt\relax
(fontspec)             \fontdimen 13\font =3.63pt\relax \fontdimen 14\font
(fontspec)             =3.63pt\relax \fontdimen 15\font =2.89pt\relax
(fontspec)             \fontdimen 16\font =2.47pt\relax \fontdimen 17\font
(fontspec)             =2.47pt\relax \fontdimen 18\font =2.5pt\relax
(fontspec)             \fontdimen 19\font =2.0pt\relax \fontdimen 22\font
(fontspec)             =2.5pt\relax \fontdimen 20\font =0pt\relax \fontdimen
(fontspec)             21\font =0pt\relax }].
(fontspec)              
(fontspec)              This font family consists of the following NFSS
(fontspec)             series/shapes:
(fontspec)              
(fontspec)             - 'normal' (m/n) with NFSS spec.:
(fontspec)             <8.5->s*[1.000096459334209]"[latinmodern-math.otf]/OT:sc
ript=math;language=dflt;"<6-8.5>s*[1.000096459334209]"[latinmodern-math.otf]/OT
:script=math;language=dflt;+ssty=0;"<-6>s*[1.000096459334209]"[latinmodern-math
.otf]/OT:script=math;language=dflt;+ssty=1;"
(fontspec)             - 'small caps'  (m/sc) with NFSS spec.: 
(fontspec)             and font adjustment code:
(fontspec)             \fontdimen 8\font =6.77pt\relax \fontdimen 9\font
(fontspec)             =3.94pt\relax \fontdimen 10\font =4.44pt\relax
(fontspec)             \fontdimen 11\font =6.86pt\relax \fontdimen 12\font
(fontspec)             =3.45pt\relax \fontdimen 13\font =3.63pt\relax
(fontspec)             \fontdimen 14\font =3.63pt\relax \fontdimen 15\font
(fontspec)             =2.89pt\relax \fontdimen 16\font =2.47pt\relax
(fontspec)             \fontdimen 17\font =2.47pt\relax \fontdimen 18\font
(fontspec)             =2.5pt\relax \fontdimen 19\font =2.0pt\relax \fontdimen
(fontspec)             22\font =2.5pt\relax \fontdimen 20\font =0pt\relax
(fontspec)             \fontdimen 21\font =0pt\relax 
(fontspec)             - 'bold' (b/n) with NFSS spec.:
(fontspec)             <->s*[1.000096459334209]"[latinmodern-math.otf]/OT:scrip
t=math;language=dflt;"
(fontspec)             - 'bold small caps'  (b/sc) with NFSS spec.: 
(fontspec)             and font adjustment code:
(fontspec)             \fontdimen 8\font =6.77pt\relax \fontdimen 9\font
(fontspec)             =3.94pt\relax \fontdimen 10\font =4.44pt\relax
(fontspec)             \fontdimen 11\font =6.86pt\relax \fontdimen 12\font
(fontspec)             =3.45pt\relax \fontdimen 13\font =3.63pt\relax
(fontspec)             \fontdimen 14\font =3.63pt\relax \fontdimen 15\font
(fontspec)             =2.89pt\relax \fontdimen 16\font =2.47pt\relax
(fontspec)             \fontdimen 17\font =2.47pt\relax \fontdimen 18\font
(fontspec)             =2.5pt\relax \fontdimen 19\font =2.0pt\relax \fontdimen
(fontspec)             22\font =2.5pt\relax \fontdimen 20\font =0pt\relax
(fontspec)             \fontdimen 21\font =0pt\relax 

LaTeX Font Info:    Encoding `OMS' has changed to `TU' for symbol font
(Font)              `symbols' in the math version `normal' on input line 123.
LaTeX Font Info:    Overwriting symbol font `symbols' in version `normal'
(Font)                  OMS/lmsy/m/n --> TU/latinmodern-math.otf(2)/m/n on inpu
t line 123.
LaTeX Font Info:    Encoding `OMS' has changed to `TU' for symbol font
(Font)              `symbols' in the math version `bold' on input line 123.
LaTeX Font Info:    Overwriting symbol font `symbols' in version `bold'
(Font)                  OMS/lmsy/b/n --> TU/latinmodern-math.otf(2)/b/n on inpu
t line 123.

Package fontspec Info: latinmodern-math scale = 0.9999964596882403.


Package fontspec Info: latinmodern-math scale = 0.9998964600422715.


Package fontspec Info: latinmodern-math scale = 0.9999964596882403.


Package fontspec Info: latinmodern-math scale = 0.9998964600422715.


Package fontspec Info: latinmodern-math scale = 0.9999964596882403.


Package fontspec Info: latinmodern-math scale = 0.9998964600422715.


Package fontspec Info: latinmodern-math scale = 0.9999964596882403.


Package fontspec Info: latinmodern-math scale = 0.9998964600422715.


Package fontspec Info: latinmodern-math scale = 0.9999964596882403.


Package fontspec Info: latinmodern-math scale = 0.9998964600422715.


Package fontspec Info: Font family 'latinmodern-math.otf(3)' created for font
(fontspec)             'latinmodern-math.otf' with options
(fontspec)             [Scale=MatchLowercase,BoldItalicFont={},ItalicFont={},Sm
allCapsFont={},Script=Math,SizeFeatures={{Size=8.5-},{Size=6-8.5,Font=latinmode
rn-math.otf,Style=MathScript},{Size=-6,Font=latinmodern-math.otf,Style=MathScri
ptScript}},BoldFont={latinmodern-math.otf},ScaleAgain=0.9999,FontAdjustment={\f
ontdimen
(fontspec)             8\font =0.4pt\relax \fontdimen 9\font =2.0pt\relax
(fontspec)             \fontdimen 10\font =1.67pt\relax \fontdimen 11\font
(fontspec)             =1.11pt\relax \fontdimen 12\font =6.0pt\relax
(fontspec)             \fontdimen 13\font =0pt\relax }].
(fontspec)              
(fontspec)              This font family consists of the following NFSS
(fontspec)             series/shapes:
(fontspec)              
(fontspec)             - 'normal' (m/n) with NFSS spec.:
(fontspec)             <8.5->s*[0.9998964600422715]"[latinmodern-math.otf]/OT:s
cript=math;language=dflt;"<6-8.5>s*[0.9998964600422715]"[latinmodern-math.otf]/
OT:script=math;language=dflt;+ssty=0;"<-6>s*[0.9998964600422715]"[latinmodern-m
ath.otf]/OT:script=math;language=dflt;+ssty=1;"
(fontspec)             - 'small caps'  (m/sc) with NFSS spec.: 
(fontspec)             and font adjustment code:
(fontspec)             \fontdimen 8\font =0.4pt\relax \fontdimen 9\font
(fontspec)             =2.0pt\relax \fontdimen 10\font =1.67pt\relax
(fontspec)             \fontdimen 11\font =1.11pt\relax \fontdimen 12\font
(fontspec)             =6.0pt\relax \fontdimen 13\font =0pt\relax 
(fontspec)             - 'bold' (b/n) with NFSS spec.:
(fontspec)             <->s*[0.9998964600422715]"[latinmodern-math.otf]/OT:scri
pt=math;language=dflt;"
(fontspec)             - 'bold small caps'  (b/sc) with NFSS spec.: 
(fontspec)             and font adjustment code:
(fontspec)             \fontdimen 8\font =0.4pt\relax \fontdimen 9\font
(fontspec)             =2.0pt\relax \fontdimen 10\font =1.67pt\relax
(fontspec)             \fontdimen 11\font =1.11pt\relax \fontdimen 12\font
(fontspec)             =6.0pt\relax \fontdimen 13\font =0pt\relax 

LaTeX Font Info:    Encoding `OMX' has changed to `TU' for symbol font
(Font)              `largesymbols' in the math version `normal' on input line 1
23.
LaTeX Font Info:    Overwriting symbol font `largesymbols' in version `normal'
(Font)                  OMX/lmex/m/n --> TU/latinmodern-math.otf(3)/m/n on inpu
t line 123.
LaTeX Font Info:    Encoding `OMX' has changed to `TU' for symbol font
(Font)              `largesymbols' in the math version `bold' on input line 123
.
LaTeX Font Info:    Overwriting symbol font `largesymbols' in version `bold'
(Font)                  OMX/lmex/m/n --> TU/latinmodern-math.otf(3)/b/n on inpu
t line 123.
LaTeX Info: Redefining \microtypecontext on input line 123.
Package microtype Info: Character protrusion enabled (level 2).
Package microtype Info: Using protrusion set `basicmath'.
Package microtype Info: No adjustment of tracking.
Package microtype Info: No adjustment of spacing.
Package microtype Info: No adjustment of kerning.

(c:/Users/sdressle/AppData/Roaming/TinyTeX/texmf-dist/tex/latex/microtype/mt-La
tinModernRoman.cfg
File: mt-LatinModernRoman.cfg 2021/02/21 v1.1 microtype config. file: Latin Mod
ern Roman (RS)
)
Package hyperref Info: Link coloring OFF on input line 123.

(c:/Users/sdressle/AppData/Roaming/TinyTeX/texmf-dist/tex/latex/hyperref/namere
f.sty
Package: nameref 2021-04-02 v2.47 Cross-referencing by name of section

(c:/Users/sdressle/AppData/Roaming/TinyTeX/texmf-dist/tex/latex/refcount/refcou
nt.sty
Package: refcount 2019/12/15 v3.6 Data extraction from label references (HO)
)
(c:/Users/sdressle/AppData/Roaming/TinyTeX/texmf-dist/tex/generic/gettitlestrin
g/gettitlestring.sty
Package: gettitlestring 2019/12/15 v1.6 Cleanup title references (HO)
)
\c@section@level=\count317
)
LaTeX Info: Redefining \ref on input line 123.
LaTeX Info: Redefining \pageref on input line 123.
LaTeX Info: Redefining \nameref on input line 123.
\@outlinefile=\write4
\openout4 = `MBA8350book.out'.


Package hyperref Warning: Rerun to get /PageLabels entry.

LaTeX Font Info:    Font shape `TU/latinmodern-math.otf(1)/m/n' will be
(Font)              scaled to size 12.0pt on input line 125.
LaTeX Font Info:    Font shape `TU/latinmodern-math.otf(1)/m/n' will be
(Font)              scaled to size 8.0pt on input line 125.
LaTeX Font Info:    Font shape `TU/latinmodern-math.otf(1)/m/n' will be
(Font)              scaled to size 6.0pt on input line 125.
LaTeX Font Info:    Trying to load font information for OML+lmm on input line 1
25.
(c:/Users/sdressle/AppData/Roaming/TinyTeX/texmf-dist/tex/latex/lm/omllmm.fd
File: omllmm.fd 2015/05/01 v1.6.1 Font defs for Latin Modern
)
LaTeX Font Info:    Font shape `TU/latinmodern-math.otf(2)/m/n' will be
(Font)              scaled to size 12.0011pt on input line 125.
LaTeX Font Info:    Font shape `TU/latinmodern-math.otf(2)/m/n' will be
(Font)              scaled to size 8.00073pt on input line 125.
LaTeX Font Info:    Font shape `TU/latinmodern-math.otf(2)/m/n' will be
(Font)              scaled to size 6.00055pt on input line 125.
LaTeX Font Info:    Font shape `TU/latinmodern-math.otf(3)/m/n' will be
(Font)              scaled to size 11.99872pt on input line 125.
LaTeX Font Info:    Font shape `TU/latinmodern-math.otf(3)/m/n' will be
(Font)              scaled to size 7.99915pt on input line 125.
LaTeX Font Info:    Font shape `TU/latinmodern-math.otf(3)/m/n' will be
(Font)              scaled to size 5.99936pt on input line 125.
[1


] [2

]
\tf@toc=\write5
\openout5 = `MBA8350book.toc'.

[3] [4

]
File: images/VU17BLUE3.jpg Graphic file (type bmp)
<images/VU17BLUE3.jpg>

Overfull \hbox (329.62819pt too wide) in paragraph at lines 133--133
 [] 
 []


Underfull \vbox (badness 10000) has occurred while \output is active []

[5]
Overfull \vbox (119.01122pt too high) has occurred while \output is active []

[6] [7

] [8]
Chapter 1.
File: images/BULB.jpg Graphic file (type bmp)
<images/BULB.jpg>
File: images/ECONOMIC.png Graphic file (type bmp)
<images/ECONOMIC.png>
File: images/FORECASTCONE.png Graphic file (type bmp)
<images/FORECASTCONE.png>
[9

] [10] [11]
Overfull \hbox (6.00003pt too wide) in alignment at lines 275--283
 [] [] 
 []


Overfull \hbox (6.00003pt too wide) in alignment at lines 283--320
 [] [] 
 []

[12] [13]
LaTeX Font Info:    Font shape `TU/latinmodern-math.otf(1)/m/n' will be
(Font)              scaled to size 7.0pt on input line 353.
LaTeX Font Info:    Font shape `TU/latinmodern-math.otf(1)/m/n' will be
(Font)              scaled to size 5.0pt on input line 353.
LaTeX Font Info:    Font shape `TU/latinmodern-math.otf(2)/m/n' will be
(Font)              scaled to size 10.00092pt on input line 353.
LaTeX Font Info:    Font shape `TU/latinmodern-math.otf(2)/m/n' will be
(Font)              scaled to size 7.00064pt on input line 353.
LaTeX Font Info:    Font shape `TU/latinmodern-math.otf(2)/m/n' will be
(Font)              scaled to size 5.00046pt on input line 353.
LaTeX Font Info:    Font shape `TU/latinmodern-math.otf(3)/m/n' will be
(Font)              scaled to size 9.99893pt on input line 353.
LaTeX Font Info:    Font shape `TU/latinmodern-math.otf(3)/m/n' will be
(Font)              scaled to size 6.99925pt on input line 353.
LaTeX Font Info:    Font shape `TU/latinmodern-math.otf(3)/m/n' will be
(Font)              scaled to size 4.99947pt on input line 353.

Overfull \hbox (216.75pt too wide) in paragraph at lines 373--373
[]\TU/lmtt/m/n/10 ##  [1]  858.9164  797.2652 1013.5366 1064.8195  874.2275  82
5.1137  897.0879  924.0998  870.0674  966.2095[] 
 []


Overfull \hbox (216.75pt too wide) in paragraph at lines 373--373
[]\TU/lmtt/m/n/10 ## [11]  955.1281  977.2073  888.1690  826.6483  776.7479  87
7.5691  998.7101  892.8178  886.0261  831.7615[] 
 []


Overfull \hbox (216.75pt too wide) in paragraph at lines 373--373
[]\TU/lmtt/m/n/10 ## [21] 1082.9650 1034.9549  784.5026  919.2082 1049.1824  92
3.5767  907.7295  890.3758  856.4240  808.8035[] 
 []


Overfull \hbox (216.75pt too wide) in paragraph at lines 373--373
[]\TU/lmtt/m/n/10 ## [31] 1009.7146  890.3709  930.9597  809.9274  919.9381  79
3.7455  919.9824  948.8593  810.6887  846.9573[] 
 []


Overfull \hbox (216.75pt too wide) in paragraph at lines 373--373
[]\TU/lmtt/m/n/10 ## [41]  955.3873  833.2762  892.4969  973.1861  913.7650  92
8.6057  940.7637  964.4341  914.2733  880.3329[] 
 []


Overfull \hbox (216.75pt too wide) in paragraph at lines 373--373
[]\TU/lmtt/m/n/10 ## [51]  831.5395  967.2442 1030.7598  857.5421  889.3689 109
4.1440  927.7684  730.9976  918.8359  867.5931[] 
 []

LaTeX Font Info:    Font shape `TU/lmtt/bx/n' in size <10> not available
(Font)              Font shape `TU/lmtt/b/n' tried instead on input line 419.
[14] [15] [16] [17]
File: MBA8350book_files/figure-latex/unnamed-chunk-15-1.pdf Graphic file (type 
pdf)
<use MBA8350book_files/figure-latex/unnamed-chunk-15-1.pdf>

Underfull \vbox (badness 10000) has occurred while \output is active []

[18]
File: MBA8350book_files/figure-latex/unnamed-chunk-16-1.pdf Graphic file (type 
pdf)
<use MBA8350book_files/figure-latex/unnamed-chunk-16-1.pdf>
File: MBA8350book_files/figure-latex/unnamed-chunk-17-1.pdf Graphic file (type 
pdf)
<use MBA8350book_files/figure-latex/unnamed-chunk-17-1.pdf>
[19] [20]
File: MBA8350book_files/figure-latex/unnamed-chunk-18-1.pdf Graphic file (type 
pdf)
<use MBA8350book_files/figure-latex/unnamed-chunk-18-1.pdf>
[21]

LaTeX Font Warning: Font shape `TU/lmtt/bx/it' in size <10> not available
(Font)              Font shape `TU/lmtt/b/sl' tried instead on input line 765.

File: MBA8350book_files/figure-latex/unnamed-chunk-19-1.pdf Graphic file (type 
pdf)
<use MBA8350book_files/figure-latex/unnamed-chunk-19-1.pdf>
[22]
File: MBA8350book_files/figure-latex/unnamed-chunk-20-1.pdf Graphic file (type 
pdf)
<use MBA8350book_files/figure-latex/unnamed-chunk-20-1.pdf>

Underfull \vbox (badness 10000) has occurred while \output is active []

[23] [24]
Chapter 2.
[25

]
File: images/timeline-truman-second-term.jpg Graphic file (type bmp)
<images/timeline-truman-second-term.jpg>
[26] [27]
File: images/random.png Graphic file (type bmp)
<images/random.png>
File: images/Systematic.png Graphic file (type bmp)
<images/Systematic.png>
[28]
File: images/Stratified.png Graphic file (type bmp)
<images/Stratified.png>
[29]
File: images/Cluster.png Graphic file (type bmp)
<images/Cluster.png>
[30] [31] [32] [33] [34

]
Chapter 3.
File: images/Rlogo.png Graphic file (type bmp)
<images/Rlogo.png>
[35]
Underfull \vbox (badness 1354) has occurred while \output is active []

[36]
File: images/Screenshot1.png Graphic file (type bmp)
<images/Screenshot1.png>
[37]
File: images/Screenshot2.png Graphic file (type bmp)
<images/Screenshot2.png>
File: images/Screenshot3.png Graphic file (type bmp)
<images/Screenshot3.png>
[38] [39] [40]
Overfull \hbox (169.5pt too wide) in paragraph at lines 1384--1384
[]\TU/lmtt/m/n/10 ##   [1] "AL"          "alpha"       "AUTO"        "B1"      
    "Bhat0"       "Bhat1"       "BIG"[] 
 []


Overfull \hbox (164.25pt too wide) in paragraph at lines 1384--1384
[]\TU/lmtt/m/n/10 ##   [8] "car"         "CARDATA"     "CARDATA2"    "CARGSP"  
    "CDdata"      "CGDP"        "CM"[] 
 []


Overfull \hbox (180.0pt too wide) in paragraph at lines 1384--1384
[]\TU/lmtt/m/n/10 ##  [15] "CREG"        "D"           "DENGSP"      "df"      
    "DGDP"        "DS"          "DTRND"[] 
 []


Overfull \hbox (180.0pt too wide) in paragraph at lines 1384--1384
[]\TU/lmtt/m/n/10 ##  [22] "e"           "eps"         "EPS"         "Fcrit"   
    "fit"         "fitpoints"   "Fstat"[] 
 []


Overfull \hbox (159.0pt too wide) in paragraph at lines 1384--1384
[]\TU/lmtt/m/n/10 ##  [29] "grid.lines"  "h"           "hprice1"     "i"       
    "i1"          "i2"          "j"[] 
 []


Overfull \hbox (201.0pt too wide) in paragraph at lines 1384--1384
[]\TU/lmtt/m/n/10 ##  [36] "k"           "left"        "LEFT"        "LFT"     
    "Lifetime"    "Lifetime1"   "Lifetime2"[] 
 []


Overfull \hbox (185.25pt too wide) in paragraph at lines 1384--1384
[]\TU/lmtt/m/n/10 ##  [43] "m"           "M"           "MDAT"        "Mode"    
    "mtcars"      "mu"          "MULTI2"[] 
 []


Overfull \hbox (159.0pt too wide) in paragraph at lines 1384--1384
[]\TU/lmtt/m/n/10 ##  [50] "n"           "N"           "P"           "PARK"    
    "probability" "Pval"        "R"[] 
 []


Overfull \hbox (174.75pt too wide) in paragraph at lines 1384--1384
[]\TU/lmtt/m/n/10 ##  [57] "R2r"         "R2u"         "Rate"        "REG"     
    "REG1"        "REG2"        "REG3"[] 
 []


Overfull \hbox (174.75pt too wide) in paragraph at lines 1384--1384
[]\TU/lmtt/m/n/10 ##  [64] "REG4"        "RES"         "Revenue"     "RHT"     
    "right"       "RIGHT"       "RREG"[] 
 []


Overfull \hbox (195.75pt too wide) in paragraph at lines 1384--1384
[]\TU/lmtt/m/n/10 ##  [71] "S"           "SBhat1"      "Sig"         "sigma"   
    "SMALL"       "t"           "t_values"[] 
 []


Overfull \hbox (159.0pt too wide) in paragraph at lines 1384--1384
[]\TU/lmtt/m/n/10 ##  [78] "tcrit"       "TOTAL"       "tstat"       "UREG"    
    "wage1"       "x"           "X"[] 
 []


Overfull \hbox (174.75pt too wide) in paragraph at lines 1384--1384
[]\TU/lmtt/m/n/10 ##  [85] "x.pred"      "X1"          "X2"          "X3"      
    "Xbar"        "Xcrap"       "xfit"[] 
 []


Overfull \hbox (164.25pt too wide) in paragraph at lines 1384--1384
[]\TU/lmtt/m/n/10 ##  [92] "xtick"       "xy"          "Y"           "y.pred"  
    "Y1"          "Y2"          "Y3"[] 
 []


Overfull \hbox (180.0pt too wide) in paragraph at lines 1384--1384
[]\TU/lmtt/m/n/10 ##  [99] "yfit"        "Yhat"        "Yz"          "Z"       
    "z.pred"      "Zcrit"       "Zstat"[] 
 []

[41]
Overfull \hbox (12.0pt too wide) in paragraph at lines 1451--1451
[]\TU/lmtt/m/n/10 ## [1] "AUTOSALE" "CPI"      "DATE"     "INDEX"    "MONTH"   
 "YEAR"[] 
 []

[42]
Overfull \hbox (69.75pt too wide) in paragraph at lines 1472--1472
[]\TU/lmtt/m/n/10 ## [1] "AUTOSALE" "CPI"      "DATE"     "INDEX"    "MONTH"   
 "RSALES"   "YEAR"[] 
 []

File: images/Screenshot4.png Graphic file (type bmp)
<images/Screenshot4.png>
[43]
File: MBA8350book_files/figure-latex/unnamed-chunk-42-1.pdf Graphic file (type 
pdf)
<use MBA8350book_files/figure-latex/unnamed-chunk-42-1.pdf>
[44]
File: MBA8350book_files/figure-latex/unnamed-chunk-43-1.pdf Graphic file (type 
pdf)
<use MBA8350book_files/figure-latex/unnamed-chunk-43-1.pdf>
File: MBA8350book_files/figure-latex/unnamed-chunk-44-1.pdf Graphic file (type 
pdf)
<use MBA8350book_files/figure-latex/unnamed-chunk-44-1.pdf>
[45]
File: MBA8350book_files/figure-latex/unnamed-chunk-45-1.pdf Graphic file (type 
pdf)
<use MBA8350book_files/figure-latex/unnamed-chunk-45-1.pdf>
[46]
File: MBA8350book_files/figure-latex/unnamed-chunk-46-1.pdf Graphic file (type 
pdf)
<use MBA8350book_files/figure-latex/unnamed-chunk-46-1.pdf>
File: MBA8350book_files/figure-latex/unnamed-chunk-47-1.pdf Graphic file (type 
pdf)
<use MBA8350book_files/figure-latex/unnamed-chunk-47-1.pdf>

Underfull \vbox (badness 10000) has occurred while \output is active []

[47] [48]
Chapter 4.
[49

]
File: MBA8350book_files/figure-latex/unnamed-chunk-49-1.pdf Graphic file (type 
pdf)
<use MBA8350book_files/figure-latex/unnamed-chunk-49-1.pdf>

Underfull \vbox (badness 10000) has occurred while \output is active []

[50]
File: MBA8350book_files/figure-latex/unnamed-chunk-50-1.pdf Graphic file (type 
pdf)
<use MBA8350book_files/figure-latex/unnamed-chunk-50-1.pdf>

Overfull \hbox (67.06735pt too wide) has occurred while \output is active
\TU/lmr/m/sl/10 4.2.  APPLICATION 1: A SAMPLING DISTRIBUTION WITH A KNOWN POPUL
ATION \TU/lmr/m/n/10 51
 []

[51] [52]
Overfull \hbox (89.56735pt too wide) has occurred while \output is active
\TU/lmr/m/sl/10 4.3.  APPLICATION 2: A SAMPLING DISTRIBUTION WITH AN UNKNOWN PO
PULATION \TU/lmr/m/n/10 53
 []

[53]
File: MBA8350book_files/figure-latex/unnamed-chunk-51-1.pdf Graphic file (type 
pdf)
<use MBA8350book_files/figure-latex/unnamed-chunk-51-1.pdf>
File: MBA8350book_files/figure-latex/unnamed-chunk-52-1.pdf Graphic file (type 
pdf)
<use MBA8350book_files/figure-latex/unnamed-chunk-52-1.pdf>
[54]
File: MBA8350book_files/figure-latex/unnamed-chunk-53-1.pdf Graphic file (type 
pdf)
<use MBA8350book_files/figure-latex/unnamed-chunk-53-1.pdf>
File: MBA8350book_files/figure-latex/unnamed-chunk-54-1.pdf Graphic file (type 
pdf)
<use MBA8350book_files/figure-latex/unnamed-chunk-54-1.pdf>

Underfull \vbox (badness 10000) has occurred while \output is active []


Overfull \hbox (89.56735pt too wide) has occurred while \output is active
\TU/lmr/m/sl/10 4.3.  APPLICATION 2: A SAMPLING DISTRIBUTION WITH AN UNKNOWN PO
PULATION \TU/lmr/m/n/10 55
 []

[55] [56]
File: MBA8350book_files/figure-latex/unnamed-chunk-55-1.pdf Graphic file (type 
pdf)
<use MBA8350book_files/figure-latex/unnamed-chunk-55-1.pdf>
File: MBA8350book_files/figure-latex/unnamed-chunk-56-1.pdf Graphic file (type 
pdf)
<use MBA8350book_files/figure-latex/unnamed-chunk-56-1.pdf>

Underfull \vbox (badness 10000) has occurred while \output is active []

[57] [58]
Chapter 5.
File: MBA8350book_files/figure-latex/unnamed-chunk-58-1.pdf Graphic file (type 
pdf)
<use MBA8350book_files/figure-latex/unnamed-chunk-58-1.pdf>

Underfull \vbox (badness 10000) has occurred while \output is active []

[59

] [60]
File: MBA8350book_files/figure-latex/unnamed-chunk-59-1.pdf Graphic file (type 
pdf)
<use MBA8350book_files/figure-latex/unnamed-chunk-59-1.pdf>

Underfull \vbox (badness 10000) has occurred while \output is active []

[61] [62]
File: MBA8350book_files/figure-latex/unnamed-chunk-60-1.pdf Graphic file (type 
pdf)
<use MBA8350book_files/figure-latex/unnamed-chunk-60-1.pdf>

Underfull \vbox (badness 5050) has occurred while \output is active []

[63] [64]
File: MBA8350book_files/figure-latex/unnamed-chunk-63-1.pdf Graphic file (type 
pdf)
<use MBA8350book_files/figure-latex/unnamed-chunk-63-1.pdf>
[65] [66]
File: MBA8350book_files/figure-latex/unnamed-chunk-67-1.pdf Graphic file (type 
pdf)
<use MBA8350book_files/figure-latex/unnamed-chunk-67-1.pdf>
[67] [68] [69] [70]
File: MBA8350book_files/figure-latex/unnamed-chunk-70-1.pdf Graphic file (type 
pdf)
<use MBA8350book_files/figure-latex/unnamed-chunk-70-1.pdf>

Underfull \vbox (badness 10000) has occurred while \output is active []

[71] [72]
LaTeX Font Info:    Font shape `TU/latinmodern-math.otf(1)/m/n' will be
(Font)              scaled to size 14.4pt on input line 2219.
LaTeX Font Info:    Font shape `TU/latinmodern-math.otf(2)/m/n' will be
(Font)              scaled to size 14.4013pt on input line 2219.
LaTeX Font Info:    Font shape `TU/latinmodern-math.otf(3)/m/n' will be
(Font)              scaled to size 14.39845pt on input line 2219.
[73]
File: MBA8350book_files/figure-latex/unnamed-chunk-73-1.pdf Graphic file (type 
pdf)
<use MBA8350book_files/figure-latex/unnamed-chunk-73-1.pdf>

Underfull \vbox (badness 7203) has occurred while \output is active []

[74] [75] [76] [77] [78]
File: MBA8350book_files/figure-latex/unnamed-chunk-80-1.pdf Graphic file (type 
pdf)
<use MBA8350book_files/figure-latex/unnamed-chunk-80-1.pdf>

Underfull \vbox (badness 4819) has occurred while \output is active []

[79] [80]
File: MBA8350book_files/figure-latex/unnamed-chunk-81-1.pdf Graphic file (type 
pdf)
<use MBA8350book_files/figure-latex/unnamed-chunk-81-1.pdf>
File: MBA8350book_files/figure-latex/unnamed-chunk-83-1.pdf Graphic file (type 
pdf)
<use MBA8350book_files/figure-latex/unnamed-chunk-83-1.pdf>

Underfull \vbox (badness 1253) has occurred while \output is active []

[81]
File: MBA8350book_files/figure-latex/unnamed-chunk-84-1.pdf Graphic file (type 
pdf)
<use MBA8350book_files/figure-latex/unnamed-chunk-84-1.pdf>

Underfull \vbox (badness 1728) has occurred while \output is active []

[82]
File: MBA8350book_files/figure-latex/unnamed-chunk-85-1.pdf Graphic file (type 
pdf)
<use MBA8350book_files/figure-latex/unnamed-chunk-85-1.pdf>

Underfull \vbox (badness 10000) has occurred while \output is active []

[83] [84]
Chapter 6.

Underfull \vbox (badness 5802) has occurred while \output is active []

[85

] [86] [87] [88]
Overfull \hbox (73.86015pt too wide) has occurred while \output is active
\TU/lmr/m/sl/10 6.2.  TWO METHODS FOR CONDUCTING A HYPOTHESIS TEST (WHEN $[]$ I
S KNOWN) \TU/lmr/m/n/10 89
 []

[89]
File: MBA8350book_files/figure-latex/unnamed-chunk-89-1.pdf Graphic file (type 
pdf)
<use MBA8350book_files/figure-latex/unnamed-chunk-89-1.pdf>

Underfull \vbox (badness 10000) has occurred while \output is active []

[90]
Overfull \hbox (73.86015pt too wide) has occurred while \output is active
\TU/lmr/m/sl/10 6.2.  TWO METHODS FOR CONDUCTING A HYPOTHESIS TEST (WHEN $[]$ I
S KNOWN) \TU/lmr/m/n/10 91
 []

[91]
File: MBA8350book_files/figure-latex/unnamed-chunk-90-1.pdf Graphic file (type 
pdf)
<use MBA8350book_files/figure-latex/unnamed-chunk-90-1.pdf>

Underfull \vbox (badness 10000) has occurred while \output is active []

[92]
Underfull \vbox (badness 3138) has occurred while \output is active []


Overfull \hbox (73.86015pt too wide) has occurred while \output is active
\TU/lmr/m/sl/10 6.2.  TWO METHODS FOR CONDUCTING A HYPOTHESIS TEST (WHEN $[]$ I
S KNOWN) \TU/lmr/m/n/10 93
 []

[93] [94]
Overfull \hbox (73.86015pt too wide) has occurred while \output is active
\TU/lmr/m/sl/10 6.2.  TWO METHODS FOR CONDUCTING A HYPOTHESIS TEST (WHEN $[]$ I
S KNOWN) \TU/lmr/m/n/10 95
 []

[95] [96]
File: MBA8350book_files/figure-latex/unnamed-chunk-93-1.pdf Graphic file (type 
pdf)
<use MBA8350book_files/figure-latex/unnamed-chunk-93-1.pdf>
[97]
Missing character: There is no  (U+1D6FC) in font [lmroman10-regular]:mapping=
tex-text;!

Underfull \vbox (badness 4634) has occurred while \output is active []

[98] [99]
File: MBA8350book_files/figure-latex/unnamed-chunk-98-1.pdf Graphic file (type 
pdf)
<use MBA8350book_files/figure-latex/unnamed-chunk-98-1.pdf>

Underfull \vbox (badness 6944) has occurred while \output is active []

[100] [101] [102]
Chapter 7.
[103

]
File: MBA8350book_files/figure-latex/unnamed-chunk-104-1.pdf Graphic file (type
 pdf)
<use MBA8350book_files/figure-latex/unnamed-chunk-104-1.pdf>

Underfull \vbox (badness 10000) has occurred while \output is active []

[104] [105] [106]
Overfull \hbox (195.75pt too wide) in paragraph at lines 3302--3302
[]\TU/lmtt/m/n/10 ##  [1] "assess"   "bdrms"    "colonial" "lassess"  "llotsize
" "lotsize"  "lprice"   "lsqrft"   "price"[] 
 []


Overfull \hbox (20.84344pt too wide) has occurred while \output is active
\TU/lmr/m/sl/10 7.2.  APPLICATION: PREDICTING HOUSE PRICE BASED ON HOUSE SIZE \
TU/lmr/m/n/10 107
 []

[107] [108]
File: MBA8350book_files/figure-latex/unnamed-chunk-108-1.pdf Graphic file (type
 pdf)
<use MBA8350book_files/figure-latex/unnamed-chunk-108-1.pdf>

Underfull \vbox (badness 10000) has occurred while \output is active []


Overfull \hbox (20.84344pt too wide) has occurred while \output is active
\TU/lmr/m/sl/10 7.2.  APPLICATION: PREDICTING HOUSE PRICE BASED ON HOUSE SIZE \
TU/lmr/m/n/10 109
 []

[109] [110]
Overfull \hbox (20.84344pt too wide) has occurred while \output is active
\TU/lmr/m/sl/10 7.2.  APPLICATION: PREDICTING HOUSE PRICE BASED ON HOUSE SIZE \
TU/lmr/m/n/10 111
 []

[111]
File: MBA8350book_files/figure-latex/unnamed-chunk-110-1.pdf Graphic file (type
 pdf)
<use MBA8350book_files/figure-latex/unnamed-chunk-110-1.pdf>
[112] [113]
File: MBA8350book_files/figure-latex/unnamed-chunk-111-1.pdf Graphic file (type
 pdf)
<use MBA8350book_files/figure-latex/unnamed-chunk-111-1.pdf>
[114]
File: MBA8350book_files/figure-latex/unnamed-chunk-112-1.pdf Graphic file (type
 pdf)
<use MBA8350book_files/figure-latex/unnamed-chunk-112-1.pdf>
[115] [116] [117] [118] [119]
File: MBA8350book_files/figure-latex/unnamed-chunk-114-1.pdf Graphic file (type
 pdf)
<use MBA8350book_files/figure-latex/unnamed-chunk-114-1.pdf>

Underfull \vbox (badness 10000) has occurred while \output is active []

[120]
File: MBA8350book_files/figure-latex/unnamed-chunk-115-1.pdf Graphic file (type
 pdf)
<use MBA8350book_files/figure-latex/unnamed-chunk-115-1.pdf>
[121] [122] [123] [124] [125] [126] [127] [128]
! Missing { inserted.
<to be read again> 
                   _
l.4214   \(\hat{Y}__
                    {X=X_i}\) is the expectation of the dependent variable c...
 
Here is how much of TeX's memory you used:
 18487 strings out of 478489
 352196 string characters out of 5857834
 816393 words of memory out of 5000000
 38466 multiletter control sequences out of 15000+600000
 408042 words of font info for 83 fonts, out of 8000000 for 9000
 14 hyphenation exceptions out of 8191
 87i,8n,120p,1367b,481s stack positions out of 5000i,500n,10000p,200000b,80000s
Output written on MBA8350book.pdf (128 pages).
